  main.cpp
C:\Users\slava\source\repos\M3dGE\M3dGE\main.cpp(58,10): warning C4244: =: преобразование "double" в "float", возможна потеря данных
C:\Users\slava\source\repos\M3dGE\M3dGE\main.cpp(59,10): warning C4244: =: преобразование "double" в "float", возможна потеря данных
C:\Users\slava\source\repos\M3dGE\M3dGE\main.cpp(176,11): warning C4244: инициализация: преобразование "int" в "float", возможна потеря данных
C:\Users\slava\source\repos\M3dGE\M3dGE\main.cpp(176,35): warning C4244: инициализация: преобразование "int" в "float", возможна потеря данных
C:\Users\slava\source\repos\M3dGE\M3dGE\main.cpp(178,59): warning C4244: =: преобразование "int" в "float", возможна потеря данных
C:\Users\slava\source\repos\M3dGE\M3dGE\main.cpp(178,94): warning C4244: =: преобразование "int" в "float", возможна потеря данных
C:\Users\slava\source\repos\M3dGE\M3dGE\main.cpp(207,59): warning C4305: -=: усечение из "double" в "float"
C:\Users\slava\source\repos\M3dGE\M3dGE\main.cpp(208,60): warning C4305: +=: усечение из "double" в "float"
C:\Users\slava\source\repos\M3dGE\M3dGE\main.cpp(209,75): warning C4244: +=: преобразование "double" в "float", возможна потеря данных
C:\Users\slava\source\repos\M3dGE\M3dGE\main.cpp(209,105): warning C4244: +=: преобразование "double" в "float", возможна потеря данных
C:\Users\slava\source\repos\M3dGE\M3dGE\main.cpp(210,77): warning C4244: -=: преобразование "double" в "float", возможна потеря данных
C:\Users\slava\source\repos\M3dGE\M3dGE\main.cpp(210,109): warning C4244: -=: преобразование "double" в "float", возможна потеря данных
C:\Users\slava\source\repos\M3dGE\M3dGE\main.cpp(223,16): warning C4244: инициализация: преобразование "double" в "float", возможна потеря данных
C:\Users\slava\source\repos\M3dGE\M3dGE\main.cpp(225,37): warning C4244: аргумент: преобразование "int" в "T", возможна потеря данных
C:\Users\slava\source\repos\M3dGE\M3dGE\main.cpp(225,37): warning C4244:         with
C:\Users\slava\source\repos\M3dGE\M3dGE\main.cpp(225,37): warning C4244:         [
C:\Users\slava\source\repos\M3dGE\M3dGE\main.cpp(225,37): warning C4244:             T=float
C:\Users\slava\source\repos\M3dGE\M3dGE\main.cpp(225,37): warning C4244:         ]
C:\Users\slava\source\repos\M3dGE\M3dGE\main.cpp(229,40): warning C4244: аргумент: преобразование "float" в "sf::Uint8", возможна потеря данных
C:\Users\slava\source\repos\M3dGE\M3dGE\main.cpp(229,36): warning C4244: аргумент: преобразование "float" в "sf::Uint8", возможна потеря данных
C:\Users\slava\source\repos\M3dGE\M3dGE\main.cpp(229,32): warning C4244: аргумент: преобразование "float" в "sf::Uint8", возможна потеря данных
  Создание кода
  0 of 221 functions ( 0.0%) were compiled, the rest were copied from previous compilation.
    0 functions were new in current compilation
    0 functions had inline decision re-evaluated but remain unchanged
  Создание кода завершено
  M3dGE.vcxproj -> C:\Users\slava\source\repos\M3dGE\Release\M3dGE.exe
